C251 COMPILER V5.60.0,  isr                                                                31/07/23  12:50:09  PAGE 1   


C251 COMPILER V5.60.0, COMPILATION OF MODULE isr
OBJECT MODULE PLACED IN .\Out_File\isr.obj
COMPILER INVOKED BY: C:\Keil_v5\C251\BIN\C251.EXE ..\USER\src\isr.c XSMALL INTR2 WARNINGLEVEL(3) OPTIMIZE(0,SPEED) BROWS
                    -E INCDIR(..\..\Libraries\libraries;..\..\Libraries\seekfree_libraries;..\..\Libraries\seekfree_peripheral;..\CODE;..\USE
                    -R\inc;..\USER\src) DEBUG PRINT(.\Out_File\isr.lst) OBJECT(.\Out_File\isr.obj) 

stmt  level    source

    1          ///******************************************************************************************************
             -***************
    2          // * COPYRIGHT NOTICE
    3          // * Copyright (c) 2020,逐飞科技
    4          // * All rights reserved.
    5          // * 技术讨论QQ群：一群：179029047(已满)  二群：244861897(已满)  三群：824575535
    6          // *
    7          // * 以下所有内容版权均属逐飞科技所有，未经允许不得用于商业用途，
    8          // * 欢迎各位使用并传播本程序，修改内容时必须保留逐飞科技的版权声明。
    9          // *
   10          // * @file                      isr
   11          // * @company                   成都逐飞科技有限公司
   12          // * @author                    逐飞科技(QQ790875685)
   13          // * @version                   查看doc内version文件 版本说明
   14          // * @Software                  MDK FOR C251 V5.60
   15          // * @Target core               STC32G12K128
   16          // * @Taobao                    https://seekfree.taobao.com/
   17          // * @date                      2020-4-14
   18          // ******************************************************************************************************
             -**************/
   19          #include "headfile.h"
   20          
   21          
   22          
   23          //UART1中断
   24          void UART1_Isr() interrupt 4
   25          {
   26   1          uint8 res;
   27   1              static uint8 dwon_count;
   28   1          if(UART1_GET_TX_FLAG)
   29   1          {
   30   2              UART1_CLEAR_TX_FLAG;
   31   2              busy[1] = 0;
   32   2          }
   33   1          if(UART1_GET_RX_FLAG)
   34   1          {
   35   2              UART1_CLEAR_RX_FLAG;
   36   2              res = SBUF;
   37   2              //程序自动下载
   38   2              if(res == 0x7F)
   39   2              {
   40   3                  if(dwon_count++ > 20)
   41   3                      IAP_CONTR = 0x60;
   42   3              }
   43   2              else
   44   2              {
   45   3                  dwon_count = 0;
   46   3              }
   47   2          }
   48   1      }
   49          
   50          //UART2中断
   51          void UART2_Isr() interrupt 8
   52          {
   53   1          if(UART2_GET_TX_FLAG)
   54   1              {
   55   2              UART2_CLEAR_TX_FLAG;
C251 COMPILER V5.60.0,  isr                                                                31/07/23  12:50:09  PAGE 2   

   56   2                      busy[2] = 0;
   57   2              }
   58   1          if(UART2_GET_RX_FLAG)
   59   1              {
   60   2              UART2_CLEAR_RX_FLAG;
   61   2                      //接收数据寄存器为：S2BUF
   62   2      
   63   2              }
   64   1      }
   65          
   66          
   67          //UART3中断
   68          void UART3_Isr() interrupt 17
   69          {
   70   1          if(UART3_GET_TX_FLAG)
   71   1              {
   72   2              UART3_CLEAR_TX_FLAG;
   73   2                      busy[3] = 0;
   74   2              }
   75   1          if(UART3_GET_RX_FLAG)
   76   1              {
   77   2              UART3_CLEAR_RX_FLAG;
   78   2                      //接收数据寄存器为：S3BUF
   79   2      
   80   2              }
   81   1      }
   82          
   83          
   84          //UART4中断
   85          void UART4_Isr() interrupt 18
   86          {
   87   1          if(UART4_GET_TX_FLAG)
   88   1              {
   89   2              UART4_CLEAR_TX_FLAG;
   90   2                      busy[4] = 0;
   91   2              }
   92   1          if(UART4_GET_RX_FLAG)
   93   1              {
   94   2              UART4_CLEAR_RX_FLAG;
   95   2      
   96   2                      //接收数据寄存器为：S4BUF;
   97   2                      if(wireless_type == WIRELESS_SI24R1)
   98   2              {
   99   3                  wireless_uart_callback();           //无线转串口回调函数
  100   3              }
  101   2              else if(wireless_type == WIRELESS_CH9141)
  102   2              {
  103   3                  bluetooth_ch9141_uart_callback();   //蓝牙转串口回调函数
  104   3              }
  105   2              else if(wireless_type == WIRELESS_CH573)
  106   2              {
  107   3                  wireless_ch573_callback();          //CH573无线模块回调函数
  108   3              }
  109   2              }
  110   1      }
  111          
  112          #define LED P52
  113          void INT0_Isr() interrupt 0
  114          {
  115   1              LED = 0;        //点亮LED
  116   1      }
  117          void INT1_Isr() interrupt 2
  118          {
  119   1      
  120   1      }
  121          void INT2_Isr() interrupt 10
C251 COMPILER V5.60.0,  isr                                                                31/07/23  12:50:09  PAGE 3   

  122          {
  123   1              INT2_CLEAR_FLAG;  //清除中断标志
  124   1      }
  125          void INT3_Isr() interrupt 11
  126          {
  127   1              INT3_CLEAR_FLAG;  //清除中断标志
  128   1      }
  129          
  130          void INT4_Isr() interrupt 16
  131          {
  132   1              INT4_CLEAR_FLAG;  //清除中断标志
  133   1      }
  134          
  135          void TM0_Isr() interrupt 1
  136          {
  137   1      
  138   1      }
  139          void TM1_Isr() interrupt 3
  140          {
  141   1      
  142   1      }
  143          void TM2_Isr() interrupt 12
  144          {
  145   1              TIM2_CLEAR_FLAG;  //清除中断标志
  146   1              
  147   1      }
  148          void TM3_Isr() interrupt 19
  149          {
  150   1              TIM3_CLEAR_FLAG; //清除中断标志
  151   1              
  152   1      }
  153          
  154          void TM4_Isr() interrupt 20
  155          {
  156   1              TIM4_CLEAR_FLAG; //清除中断标志
  157   1          User_Time_Sync_RTC(time_mod);
  158   1          Timer_Finish();
  159   1      
  160   1      //      ccd_collect();   //CCD采集数据
  161   1      
  162   1      }
  163          
  164          //void  INT0_Isr()  interrupt 0;
  165          //void  TM0_Isr()   interrupt 1;
  166          //void  INT1_Isr()  interrupt 2;
  167          //void  TM1_Isr()   interrupt 3;
  168          //void  UART1_Isr() interrupt 4;
  169          //void  ADC_Isr()   interrupt 5;
  170          //void  LVD_Isr()   interrupt 6;
  171          //void  PCA_Isr()   interrupt 7;
  172          //void  UART2_Isr() interrupt 8;
  173          //void  SPI_Isr()   interrupt 9;
  174          //void  INT2_Isr()  interrupt 10;
  175          //void  INT3_Isr()  interrupt 11;
  176          //void  TM2_Isr()   interrupt 12;
  177          //void  INT4_Isr()  interrupt 16;
  178          //void  UART3_Isr() interrupt 17;
  179          //void  UART4_Isr() interrupt 18;
  180          //void  TM3_Isr()   interrupt 19;
  181          //void  TM4_Isr()   interrupt 20;
  182          //void  CMP_Isr()   interrupt 21;
  183          //void  I2C_Isr()   interrupt 24;
  184          //void  USB_Isr()   interrupt 25;
  185          //void  PWM1_Isr()  interrupt 26;
  186          //void  PWM2_Isr()  interrupt 27;

C251 COMPILER V5.60.0,  isr                                                                31/07/23  12:50:09  PAGE 4   


Module Information          Static   Overlayable
------------------------------------------------
  code size            =       396     ------
  ecode size           =    ------     ------
  data size            =    ------     ------
  idata size           =    ------     ------
  pdata size           =    ------     ------
  xdata size           =    ------     ------
  xdata-const size     =    ------     ------
  edata size           =         2     ------
  bit size             =    ------     ------
  ebit size            =    ------     ------
  bitaddressable size  =    ------     ------
  ebitaddressable size =    ------     ------
  far data size        =    ------     ------
  huge data size       =    ------     ------
  const size           =    ------     ------
  hconst size          =    ------     ------
End of Module Information.


C251 COMPILATION COMPLETE.  0 WARNING(S),  0 ERROR(S)
